  [1m[35m (4074.6ms)[0m  [1m[35mCREATE DATABASE "FirstRoutesAndController_development" ENCODING = 'unicode'[0m
  [1m[35m (672.5ms)[0m  [1m[35mCREATE DATABASE "FirstRoutesAndController_test" ENCODING = 'unicode'[0m
  [1m[35m (3.3ms)[0m  [1m[35mCREATE DATABASE "FirstRoutesAndController_development" ENCODING = 'unicode'[0m
  [1m[35m (1.4ms)[0m  [1m[35mCREATE DATABASE "FirstRoutesAndController_test" ENCODING = 'unicode'[0m
Started GET "/users" for ::1 at 2022-12-14 15:23:00 -0500

ActionController::RoutingError - uninitialized constant UsersController
      Object.const_get(camel_cased_word)
            ^^^^^^^^^^
            raise MissingController.new(error.message, error.name)
            ^^^^^:

  [1m[35m (1.1ms)[0m  [1m[35mCREATE DATABASE "FirstRoutesAndController_development" ENCODING = 'unicode'[0m
  [1m[35m (0.9ms)[0m  [1m[35mCREATE DATABASE "FirstRoutesAndController_test" ENCODING = 'unicode'[0m
Started GET "/users" for ::1 at 2022-12-14 15:31:42 -0500

AbstractController::ActionNotFound - The action 'index' could not be found for UsersController:

Started GET "/hkjgjgjhgkjhkg" for ::1 at 2022-12-14 15:32:52 -0500
  
ActionController::RoutingError (No route matches [GET] "/hkjgjgjhgkjhkg"):
  
Started GET "/users" for ::1 at 2022-12-14 15:33:11 -0500

AbstractController::ActionNotFound - The action 'index' could not be found for UsersController:

Started GET "/users" for ::1 at 2022-12-14 15:34:42 -0500
Processing by UsersController#index as */*
No template found for UsersController#index, rendering head :no_content
Completed 204 No Content in 1ms (ActiveRecord: 0.0ms | Allocations: 266)


Started GET "/users" for ::1 at 2022-12-14 15:36:00 -0500
Processing by UsersController#index as */*
  Rendering text template
  Rendered text template (Duration: 0.0ms | Allocations: 10)
Completed 200 OK in 4ms (Views: 3.7ms | ActiveRecord: 0.0ms | Allocations: 665)


Started GET "/new_user" for ::1 at 2022-12-14 15:40:11 -0500
  
ActionController::RoutingError (No route matches [GET] "/new_user"):
  
Started GET "/users/new" for ::1 at 2022-12-14 15:40:35 -0500

AbstractController::ActionNotFound - The action 'new' could not be found for UsersController:

Started GET "/users/?admin=true" for ::1 at 2022-12-14 16:07:26 -0500
Processing by UsersController#index as */*
  Parameters: {"admin"=>"true"}
  Rendering text template
  Rendered text template (Duration: 6.5ms | Allocations: 13)
Completed 200 OK in 387ms (Views: 386.6ms | ActiveRecord: 0.0ms | Allocations: 1395)


Started GET "/users/?fav_food=pizza" for ::1 at 2022-12-14 16:08:36 -0500
Processing by UsersController#index as */*
  Parameters: {"fav_food"=>"pizza"}
  Rendering text template
  Rendered text template (Duration: 0.0ms | Allocations: 5)
Completed 200 OK in 2ms (Views: 2.0ms | ActiveRecord: 0.0ms | Allocations: 174)


Started GET "/users?fav_food=pizza" for ::1 at 2022-12-14 16:09:26 -0500
Processing by UsersController#index as */*
  Parameters: {"fav_food"=>"pizza"}
  Rendering text template
  Rendered text template (Duration: 0.1ms | Allocations: 4)
Completed 200 OK in 1ms (Views: 1.2ms | ActiveRecord: 0.0ms | Allocations: 148)


Started POST "/users" for ::1 at 2022-12-14 16:11:25 -0500

AbstractController::ActionNotFound - The action 'create' could not be found for UsersController:

Started POST "/users" for ::1 at 2022-12-14 16:13:35 -0500
Processing by UsersController#create as */*
  Parameters: {"pizza"=>"true"}
Completed 200 OK in 4ms (Views: 3.6ms | Allocations: 246)


Started POST "/users" for ::1 at 2022-12-14 16:14:09 -0500
Processing by UsersController#create as */*
  Parameters: {"pizza"=>"true"}
  Rendering text template
  Rendered text template (Duration: 0.0ms | Allocations: 7)
Completed 200 OK in 169ms (Views: 168.9ms | Allocations: 437)


Started POST "/users/:id" for ::1 at 2022-12-14 16:17:20 -0500
  
ActionController::RoutingError (No route matches [POST] "/users/:id"):
  
Started GET "/users/1" for ::1 at 2022-12-14 16:18:19 -0500

AbstractController::ActionNotFound - The action 'show' could not be found for UsersController:

Started GET "/users/1" for ::1 at 2022-12-14 16:18:44 -0500
Processing by UsersController#show as */*
  Parameters: {"id"=>"1"}
Completed 200 OK in 12ms (Views: 12.2ms | Allocations: 203)


Started GET "/users/asdkfjlsdf" for ::1 at 2022-12-14 16:21:03 -0500
Processing by UsersController#show as */*
  Parameters: {"id"=>"asdkfjlsdf"}
Completed 200 OK in 0ms (Views: 0.2ms | Allocations: 109)


Started GET "/users/asdkfjlsdf" for ::1 at 2022-12-14 16:21:41 -0500

AbstractController::ActionNotFound - The action 'show' could not be found for UsersController:

Started GET "/users/asdkfjlsdf" for ::1 at 2022-12-14 16:21:54 -0500
Processing by UsersController#show as */*
  Parameters: {"id"=>"asdkfjlsdf"}
No template found for UsersController#show, rendering head :no_content
Completed 204 No Content in 4ms (Allocations: 227)


Started GET "/users/1.json" for ::1 at 2022-12-14 16:22:10 -0500
Processing by UsersController#show as JSON
  Parameters: {"id"=>"1"}
No template found for UsersController#show, rendering head :no_content
Completed 204 No Content in 0ms (Allocations: 122)


Started GET "/users/2.json" for ::1 at 2022-12-14 16:22:24 -0500
Processing by UsersController#show as JSON
  Parameters: {"id"=>"2"}
No template found for UsersController#show, rendering head :no_content
Completed 204 No Content in 0ms (Allocations: 80)


Started GET "/users/1" for ::1 at 2022-12-14 16:22:33 -0500
Processing by UsersController#show as */*
  Parameters: {"id"=>"1"}
No template found for UsersController#show, rendering head :no_content
Completed 204 No Content in 1ms (Allocations: 77)


Started GET "/users/1" for ::1 at 2022-12-14 16:23:00 -0500
Processing by UsersController#show as */*
  Parameters: {"id"=>"1"}
Completed 200 OK in 0ms (Views: 0.2ms | Allocations: 202)


Started GET "/users/1" for ::1 at 2022-12-14 16:27:50 -0500
Processing by UsersController#show as */*
  Parameters: {"id"=>"1"}
Completed 200 OK in 1ms (Views: 0.5ms | Allocations: 106)


Started GET "/users?some_category[a_key]=[FILTERED]&some_category[a_second_key]=[FILTERED]&some_category[inner_inner_hash][key]=value&something_else=aaahhhhh%27%0A" for ::1 at 2022-12-14 16:28:54 -0500
Processing by UsersController#index as */*
  Parameters: {"some_category"=>{"a_key"=>"[FILTERED]", "a_second_key"=>"[FILTERED]", "inner_inner_hash"=>{"key"=>"value"}}, "something_else"=>"aaahhhhh'\n"}
  Rendering text template
  Rendered text template (Duration: 0.0ms | Allocations: 8)
Completed 200 OK in 2ms (Views: 2.2ms | Allocations: 380)


Started GET "/users?some_category[a_key]=[FILTERED]&some_category[a_second_key]=[FILTERED]&some_category[inner_inner_hash][key]=value&something_else=aaahhhhh%27%0A" for ::1 at 2022-12-14 16:29:15 -0500
Processing by UsersController#index as */*
  Parameters: {"some_category"=>{"a_key"=>"[FILTERED]", "a_second_key"=>"[FILTERED]", "inner_inner_hash"=>{"key"=>"value"}}, "something_else"=>"aaahhhhh'\n"}
Completed 200 OK in 1ms (Views: 0.3ms | Allocations: 244)


Started GET "/users%0A" for ::1 at 2022-12-14 16:31:14 -0500
  
ActionController::RoutingError (No route matches [GET] "/users%0A"):
  
Started GET "/users%0A" for ::1 at 2022-12-14 16:31:58 -0500
  
ActionController::RoutingError (No route matches [GET] "/users%0A"):
  
Started GET "/users/%0A" for ::1 at 2022-12-14 16:32:14 -0500
Processing by UsersController#show as */*
  Parameters: {"some_category"=>{"a_key"=>"[FILTERED]", "inner_inner_hash"=>{"key"=>"choi"}}, "something_else"=>"zane", "id"=>"\n"}
Completed 200 OK in 0ms (Views: 0.2ms | Allocations: 148)


Started GET "/users%0A" for ::1 at 2022-12-14 16:33:15 -0500
  
ActionController::RoutingError (No route matches [GET] "/users%0A"):
  
Started POST "/users/%0A" for ::1 at 2022-12-14 16:35:50 -0500
  
ActionController::RoutingError (No route matches [POST] "/users/%0A"):
  
Started POST "/users%0A" for ::1 at 2022-12-14 16:36:10 -0500
  
ActionController::RoutingError (No route matches [POST] "/users%0A"):
  
Started POST "/users%0A" for ::1 at 2022-12-14 16:37:19 -0500
  
ActionController::RoutingError (No route matches [POST] "/users%0A"):
  
Started POST "/users/%0A" for ::1 at 2022-12-14 16:37:25 -0500
  
ActionController::RoutingError (No route matches [POST] "/users/%0A"):
  
Started GET "/users/%0A" for ::1 at 2022-12-14 16:37:51 -0500
Processing by UsersController#show as */*
  Parameters: {"hello"=>"zane", "id"=>"\n"}
Completed 200 OK in 0ms (Views: 0.2ms | Allocations: 115)


Started GET "/users/1%0A" for ::1 at 2022-12-14 16:38:08 -0500
Processing by UsersController#show as */*
  Parameters: {"hello"=>"zane", "id"=>"1\n"}
Completed 200 OK in 1ms (Views: 0.5ms | Allocations: 115)


Started GET "/users/2/%0A" for ::1 at 2022-12-14 16:38:36 -0500
  
ActionController::RoutingError (No route matches [GET] "/users/2/%0A"):
  
Started GET "/users/2%0A" for ::1 at 2022-12-14 16:38:41 -0500
Processing by UsersController#show as */*
  Parameters: {"hello"=>"zane", "id"=>"2\n"}
Completed 200 OK in 0ms (Views: 0.2ms | Allocations: 115)


Started POST "/users/2%0A" for ::1 at 2022-12-14 16:38:54 -0500
  
ActionController::RoutingError (No route matches [POST] "/users/2%0A"):
  
Started POST "/users%0A" for ::1 at 2022-12-14 16:39:04 -0500
  
ActionController::RoutingError (No route matches [POST] "/users%0A"):
  
Started POST "/users%0A" for ::1 at 2022-12-14 16:39:12 -0500
  
ActionController::RoutingError (No route matches [POST] "/users%0A"):
  
Started POST "/users%0A" for ::1 at 2022-12-14 16:39:35 -0500
  
ActionController::RoutingError (No route matches [POST] "/users%0A"):
  
Started POST "/users" for ::1 at 2022-12-14 16:40:35 -0500
Processing by UsersController#create as */*
Completed 200 OK in 4ms (Views: 0.2ms | Allocations: 98)


Started POST "/users" for ::1 at 2022-12-14 16:40:38 -0500
Processing by UsersController#create as */*
Completed 200 OK in 2ms (Views: 2.0ms | Allocations: 97)


